[    0.000000] Linux version 4.15.0-144-generic (buildd@lgw01-amd64-031) (gcc version 7.5.0 (Ubuntu 7.5.0-3ubuntu1~18.04)) #148-Ubuntu SMP Sat May 8 02:33:43 UTC 2021 (Ubuntu 4.15.0-144.148-generic 4.15.18)
[    0.000000] Command line: BOOT_IMAGE=/boot/vmlinuz-4.15.0-144-generic root=LABEL=cloudimg-rootfs ro console=tty1 console=ttyS0
[    0.000000] KERNEL supported cpus:
[    0.000000]   Intel GenuineIntel
[    0.000000]   AMD AuthenticAMD
[    0.000000]   Centaur CentaurHauls
[    0.000000] x86/fpu: x87 FPU will use FXSAVE
[    0.000000] e820: BIOS-provided physical RAM map:
[    0.000000] BIOS-e820: [mem 0x0000000000000000-0x000000000009fbff] usable
[    0.000000] BIOS-e820: [mem 0x000000000009fc00-0x000000000009ffff] reserved
[    0.000000] BIOS-e820: [mem 0x00000000000f0000-0x00000000000fffff] reserved
[    0.000000] BIOS-e820: [mem 0x0000000000100000-0x000000003ffeffff] usable
[    0.000000] BIOS-e820: [mem 0x000000003fff0000-0x000000003fffffff] ACPI data
[    0.000000] BIOS-e820: [mem 0x00000000fec00000-0x00000000fec00fff] reserved
[    0.000000] BIOS-e820: [mem 0x00000000fee00000-0x00000000fee00fff] reserved
[    0.000000] BIOS-e820: [mem 0x00000000fffc0000-0x00000000ffffffff] reserved
[    0.000000] NX (Execute Disable) protection: active
[    0.000000] SMBIOS 2.5 present.
[    0.000000] DMI: innotek GmbH VirtualBox/VirtualBox, BIOS VirtualBox 12/01/2006
[    0.000000] Hypervisor detected: KVM
[    0.000000] e820: last_pfn = 0x3fff0 max_arch_pfn = 0x400000000
[    0.000000] MTRR: Disabled
[    0.000000] x86/PAT: MTRRs disabled, skipping PAT initialization too.
[    0.000000] CPU MTRRs all blank - virtualized system.
[    0.000000] x86/PAT: Configuration [0-7]: WB  WT  UC- UC  WB  WT  UC- UC  
[    0.000000] found SMP MP-table at [mem 0x0009fff0-0x0009ffff]
[    0.000000] Scanning 1 areas for low memory corruption
[    0.000000] RAMDISK: [mem 0x359d1000-0x36cdffff]
[    0.000000] ACPI: Early table checksum verification disabled
[    0.000000] ACPI: RSDP 0x00000000000E0000 000024 (v02 VBOX  )
[    0.000000] ACPI: XSDT 0x000000003FFF0030 00003C (v01 VBOX   VBOXXSDT 00000001 ASL  00000061)
[    0.000000] ACPI: FACP 0x000000003FFF00F0 0000F4 (v04 VBOX   VBOXFACP 00000001 ASL  00000061)
[    0.000000] ACPI: DSDT 0x000000003FFF0470 002325 (v02 VBOX   VBOXBIOS 00000002 INTL 20100528)
[    0.000000] ACPI: FACS 0x000000003FFF0200 000040
[    0.000000] ACPI: FACS 0x000000003FFF0200 000040
[    0.000000] ACPI: APIC 0x000000003FFF0240 00005C (v02 VBOX   VBOXAPIC 00000001 ASL  00000061)
[    0.000000] ACPI: SSDT 0x000000003FFF02A0 0001CC (v01 VBOX   VBOXCPUT 00000002 INTL 20100528)
[    0.000000] No NUMA configuration found
[    0.000000] Faking a node at [mem 0x0000000000000000-0x000000003ffeffff]
[    0.000000] NODE_DATA(0) allocated [mem 0x3ffc5000-0x3ffeffff]
[    0.000000] kvm-clock: cpu 0, msr 0:3ff44001, primary cpu clock
[    0.000000] kvm-clock: Using msrs 4b564d01 and 4b564d00
[    0.000000] kvm-clock: using sched offset of 4876834090 cycles
[    0.000000] clocksource: kvm-clock: mask: 0xffffffffffffffff max_cycles: 0x1cd42e4dffb, max_idle_ns: 881590591483 ns
[    0.000000] Zone ranges:
[    0.000000]   DMA      [mem 0x0000000000001000-0x0000000000ffffff]
[    0.000000]   DMA32    [mem 0x0000000001000000-0x000000003ffeffff]
[    0.000000]   Normal   empty
[    0.000000]   Device   empty
[    0.000000] Movable zone start for each node
[    0.000000] Early memory node ranges
[    0.000000]   node   0: [mem 0x0000000000001000-0x000000000009efff]
[    0.000000]   node   0: [mem 0x0000000000100000-0x000000003ffeffff]
[    0.000000] Reserved but unavailable: 98 pages
[    0.000000] Initmem setup node 0 [mem 0x0000000000001000-0x000000003ffeffff]
[    0.000000] ACPI: PM-Timer IO Port: 0x4008
[    0.000000] IOAPIC[0]: apic_id 2, version 32, address 0xfec00000, GSI 0-23
[    0.000000] ACPI: INT_SRC_OVR (bus 0 bus_irq 0 global_irq 2 dfl dfl)
[    0.000000] ACPI: INT_SRC_OVR (bus 0 bus_irq 9 global_irq 9 low level)
[    0.000000] Using ACPI (MADT) for SMP configuration information
[    0.000000] smpboot: Allowing 2 CPUs, 0 hotplug CPUs
[    0.000000] PM: Registered nosave memory: [mem 0x00000000-0x00000fff]
[    0.000000] PM: Registered nosave memory: [mem 0x0009f000-0x0009ffff]
[    0.000000] PM: Registered nosave memory: [mem 0x000a0000-0x000effff]
[    0.000000] PM: Registered nosave memory: [mem 0x000f0000-0x000fffff]
[    0.000000] e820: [mem 0x40000000-0xfebfffff] available for PCI devices
[    0.000000] Booting paravirtualized kernel on KVM
[    0.000000] clocksource: refined-jiffies: mask: 0xffffffff max_cycles: 0xffffffff, max_idle_ns: 7645519600211568 ns
[    0.000000] random: get_random_bytes called from start_kernel+0x99/0x500 with crng_init=0
[    0.000000] setup_percpu: NR_CPUS:8192 nr_cpumask_bits:2 nr_cpu_ids:2 nr_node_ids:1
[    0.000000] percpu: Embedded 45 pages/cpu s147456 r8192 d28672 u1048576
[    0.000000] PV qspinlock hash table entries: 256 (order: 0, 4096 bytes)
[    0.000000] Built 1 zonelists, mobility grouping on.  Total pages: 257913
[    0.000000] Policy zone: DMA32
[    0.000000] Kernel command line: BOOT_IMAGE=/boot/vmlinuz-4.15.0-144-generic root=LABEL=cloudimg-rootfs ro console=tty1 console=ttyS0
[    0.000000] Memory: 982720K/1048120K available (12300K kernel code, 2483K rwdata, 4316K rodata, 2448K init, 2724K bss, 65400K reserved, 0K cma-reserved)
[    0.000000] SLUB: HWalign=64, Order=0-3, MinObjects=0, CPUs=2, Nodes=1
[    0.000000] Kernel/User page tables isolation: enabled
[    0.000000] ftrace: allocating 39453 entries in 155 pages
[    0.004000] Hierarchical RCU implementation.
[    0.004000] 	RCU restricting CPUs from NR_CPUS=8192 to nr_cpu_ids=2.
[    0.004000] 	Tasks RCU enabled.
[    0.004000] RCU: Adjusting geometry for rcu_fanout_leaf=16, nr_cpu_ids=2
[    0.004000] NR_IRQS: 524544, nr_irqs: 440, preallocated irqs: 16
[    0.004000] Console: colour VGA+ 80x25
[    0.004000] console [tty1] enabled
[    0.004000] console [ttyS0] enabled
[    0.004000] ACPI: Core revision 20170831
[    0.004000] ACPI: 2 ACPI AML tables successfully acquired and loaded
[    0.004000] APIC: Switch to symmetric I/O mode setup
[    0.008000] ..TIMER: vector=0x30 apic1=0 pin1=2 apic2=-1 pin2=-1
[    0.008016] tsc: Detected 3591.692 MHz processor
[    0.012012] Calibrating delay loop (skipped) preset value.. 7183.38 BogoMIPS (lpj=14366768)
[    0.016004] pid_max: default: 32768 minimum: 301
[    0.024077] Security Framework initialized
[    0.027407] Yama: becoming mindful.
[    0.028091] AppArmor: AppArmor initialized
[    0.042160] Dentry cache hash table entries: 131072 (order: 8, 1048576 bytes)
[    0.046327] Inode-cache hash table entries: 65536 (order: 7, 524288 bytes)
[    0.048151] Mount-cache hash table entries: 2048 (order: 2, 16384 bytes)
[    0.052073] Mountpoint-cache hash table entries: 2048 (order: 2, 16384 bytes)
[    0.060133] Last level iTLB entries: 4KB 1024, 2MB 1024, 4MB 1024
[    0.064007] Last level dTLB entries: 4KB 1024, 2MB 1024, 4MB 1024, 1GB 4
[    0.068006] Spectre V1 : Mitigation: usercopy/swapgs barriers and __user pointer sanitization
[    0.072007] Spectre V2 : Mitigation: Full generic retpoline
[    0.076004] Spectre V2 : Spectre v2 / SpectreRSB mitigation: Filling RSB on context switch
[    0.080004] Speculative Store Bypass: Vulnerable
[    0.084048] MDS: Mitigation: Clear CPU buffers
[    0.088150] Freeing SMP alternatives memory: 36K
[    0.206290] smpboot: CPU0: Intel(R) Core(TM) i7-4790 CPU @ 3.60GHz (family: 0x6, model: 0x3c, stepping: 0x3)
[    0.212225] Performance Events: unsupported p6 CPU model 60 no PMU driver, software events only.
[    0.216136] Hierarchical SRCU implementation.
[    0.220945] NMI watchdog: Perf event create on CPU 0 failed with -2
[    0.224005] NMI watchdog: Perf NMI watchdog permanently disabled
[    0.228450] smp: Bringing up secondary CPUs ...
[    0.232933] x86: Booting SMP configuration:
[    0.236004] .... node  #0, CPUs:      #1
[    0.004000] kvm-clock: cpu 1, msr 0:3ff44041, secondary cpu clock
[    0.248000] TSC synchronization [CPU#0 -> CPU#1]:
[    0.248000] Measured 119695 cycles TSC warp between CPUs, turning off TSC clock.
[    0.248000] tsc: Marking TSC unstable due to check_tsc_sync_source failed
[    0.252327] smp: Brought up 1 node, 2 CPUs
[    0.256007] smpboot: Max logical packages: 1
[    0.260004] smpboot: Total of 2 processors activated (14366.76 BogoMIPS)
[    0.264477] devtmpfs: initialized
[    0.268111] x86/mm: Memory block size: 128MB
[    0.272510] evm: security.selinux
[    0.276007] evm: security.SMACK64
[    0.280003] evm: security.SMACK64EXEC
[    0.283095] evm: security.SMACK64TRANSMUTE
[    0.284005] evm: security.SMACK64MMAP
[    0.288006] evm: security.apparmor
[    0.292004] evm: security.ima
[    0.296002] evm: security.capability
[    0.300363] clocksource: jiffies: mask: 0xffffffff max_cycles: 0xffffffff, max_idle_ns: 7645041785100000 ns
[    0.304019] futex hash table entries: 512 (order: 3, 32768 bytes)
[    0.308211] pinctrl core: initialized pinctrl subsystem
[    0.312516] RTC time: 23:39:31, date: 08/25/21
[    0.320739] NET: Registered protocol family 16
[    0.324158] audit: initializing netlink subsys (disabled)
[    0.328209] audit: type=2000 audit(1629934777.661:1): state=initialized audit_enabled=0 res=1
[    0.336012] cpuidle: using governor ladder
[    0.340018] cpuidle: using governor menu
[    0.343483] ACPI: bus type PCI registered
[    0.344004] acpiphp: ACPI Hot Plug PCI Controller Driver version: 0.5
[    0.348860] PCI: Using configuration type 1 for base access
[    0.360302] HugeTLB registered 2.00 MiB page size, pre-allocated 0 pages
[    0.372212] ACPI: Added _OSI(Module Device)
[    0.375485] ACPI: Added _OSI(Processor Device)
[    0.376091] ACPI: Added _OSI(3.0 _SCP Extensions)
[    0.380007] ACPI: Added _OSI(Processor Aggregator Device)
[    0.384007] ACPI: Added _OSI(Linux-Dell-Video)
[    0.388004] ACPI: Added _OSI(Linux-Lenovo-NV-HDMI-Audio)
[    0.392003] ACPI: Added _OSI(Linux-HPI-Hybrid-Graphics)
[    0.396821] ACPI: Executed 1 blocks of module-level executable AML code
[    0.408531] ACPI: Interpreter enabled
[    0.411723] ACPI: (supports S0 S5)
[    0.412008] ACPI: Using IOAPIC for interrupt routing
[    0.416517] PCI: Using host bridge windows from ACPI; if necessary, use "pci=nocrs" and report a bug
[    0.420284] ACPI: Enabled 2 GPEs in block 00 to 07
[    0.436424] ACPI: PCI Root Bridge [PCI0] (domain 0000 [bus 00-ff])
[    0.440020] acpi PNP0A03:00: _OSC: OS supports [ASPM ClockPM Segments MSI]
[    0.448848] acpi PNP0A03:00: _OSC: not requesting OS control; OS requires [ExtendedConfig ASPM ClockPM MSI]
[    0.452034] acpi PNP0A03:00: fail to add MMCONFIG information, can't access extended PCI configuration space under this bridge.
[    0.460153] PCI host bridge to bus 0000:00
[    0.463326] pci_bus 0000:00: root bus resource [io  0x0000-0x0cf7 window]
[    0.464009] pci_bus 0000:00: root bus resource [io  0x0d00-0xffff window]
[    0.468005] pci_bus 0000:00: root bus resource [mem 0x000a0000-0x000bffff window]
[    0.472008] pci_bus 0000:00: root bus resource [mem 0x40000000-0xfdffffff window]
[    0.476010] pci_bus 0000:00: root bus resource [bus 00-ff]
[    0.489082] pci 0000:00:01.1: legacy IDE quirk: reg 0x10: [io  0x01f0-0x01f7]
[    0.492007] pci 0000:00:01.1: legacy IDE quirk: reg 0x14: [io  0x03f6]
[    0.496006] pci 0000:00:01.1: legacy IDE quirk: reg 0x18: [io  0x0170-0x0177]
[    0.500011] pci 0000:00:01.1: legacy IDE quirk: reg 0x1c: [io  0x0376]
[    0.576278] pci 0000:00:07.0: quirk: [io  0x4000-0x403f] claimed by PIIX4 ACPI
[    0.592041] pci 0000:00:07.0: quirk: [io  0x4100-0x410f] claimed by PIIX4 SMB
[    0.621271] ACPI: PCI Interrupt Link [LNKA] (IRQs 5 9 10 *11)
[    0.636581] ACPI: PCI Interrupt Link [LNKB] (IRQs 5 9 *10 11)
[    0.648238] ACPI: PCI Interrupt Link [LNKC] (IRQs 5 *9 10 11)
[    0.656219] ACPI: PCI Interrupt Link [LNKD] (IRQs 5 9 10 *11)
[    0.668136] SCSI subsystem initialized
[    0.680295] pci 0000:00:02.0: vgaarb: setting as boot VGA device
[    0.684000] pci 0000:00:02.0: vgaarb: VGA device added: decodes=io+mem,owns=io+mem,locks=none
[    0.704007] pci 0000:00:02.0: vgaarb: bridge control possible
[    0.716005] vgaarb: loaded
[    0.720119] ACPI: bus type USB registered
[    0.728023] usbcore: registered new interface driver usbfs
[    0.736018] usbcore: registered new interface driver hub
[    0.748053] usbcore: registered new device driver usb
[    0.760104] EDAC MC: Ver: 3.0.0
[    0.768246] PCI: Using ACPI for IRQ routing
[    0.776903] NetLabel: Initializing
[    0.784003] NetLabel:  domain hash size = 128
[    0.792003] NetLabel:  protocols = UNLABELED CIPSOv4 CALIPSO
[    0.804196] NetLabel:  unlabeled traffic allowed by default
[    0.820337] clocksource: Switched to clocksource kvm-clock
[    0.889326] VFS: Disk quotas dquot_6.6.0
[    0.892953] VFS: Dquot-cache hash table entries: 512 (order 0, 4096 bytes)
[    0.900201] AppArmor: AppArmor Filesystem Enabled
[    0.904390] pnp: PnP ACPI init
[    0.908787] pnp: PnP ACPI: found 3 devices
[    0.920300] clocksource: acpi_pm: mask: 0xffffff max_cycles: 0xffffff, max_idle_ns: 2085701024 ns
[    0.927802] NET: Registered protocol family 2
[    0.933578] TCP established hash table entries: 8192 (order: 4, 65536 bytes)
[    0.939857] TCP bind hash table entries: 8192 (order: 5, 131072 bytes)
[    0.945738] TCP: Hash tables configured (established 8192 bind 8192)
[    0.955265] UDP hash table entries: 512 (order: 2, 16384 bytes)
[    0.960294] UDP-Lite hash table entries: 512 (order: 2, 16384 bytes)
[    0.967086] NET: Registered protocol family 1
[    0.970852] pci 0000:00:00.0: Limiting direct PCI/PCI transfers
[    0.976188] pci 0000:00:01.0: Activating ISA DMA hang workarounds
[    0.981577] pci 0000:00:02.0: Video device with shadowed ROM at [mem 0x000c0000-0x000dffff]
[    0.988327] Unpacking initramfs...
[    1.570488] Freeing initrd memory: 19516K
[    1.574118] clocksource: tsc: mask: 0xffffffffffffffff max_cycles: 0x33c5ab2cb87, max_idle_ns: 440795389349 ns
[    1.582190] platform rtc_cmos: registered platform RTC device (no PNP device found)
[    1.588186] Scanning for low memory corruption every 60 seconds
[    1.594753] Initialise system trusted keyrings
[    1.599396] Key type blacklist registered
[    1.603378] workingset: timestamp_bits=36 max_order=18 bucket_order=0
[    1.610723] zbud: loaded
[    1.614840] squashfs: version 4.0 (2009/01/31) Phillip Lougher
[    1.620736] fuse init (API version 7.26)
[    1.641990] Key type asymmetric registered
[    1.646203] Asymmetric key parser 'x509' registered
[    1.651403] Block layer SCSI generic (bsg) driver version 0.4 loaded (major 246)
[    1.657978] io scheduler noop registered
[    1.661638] io scheduler deadline registered
[    1.666315] io scheduler cfq registered (default)
[    1.671186] ACPI: AC Adapter [AC] (on-line)
[    1.674898] input: Power Button as /devices/LNXSYSTM:00/LNXPWRBN:00/input/input0
[    1.681655] ACPI: Power Button [PWRF]
[    1.685267] input: Sleep Button as /devices/LNXSYSTM:00/LNXSLPBN:00/input/input1
[    1.690959] ACPI: Sleep Button [SLPF]
[    1.694988] Serial: 8250/16550 driver, 32 ports, IRQ sharing enabled
[    1.729165] 00:02: ttyS0 at I/O 0x3f8 (irq = 4, base_baud = 115200) is a 16550A
[    1.738115] Linux agpgart interface v0.103
[    1.744197] loop: module loaded
[    1.749444] scsi host0: ata_piix
[    1.753131] scsi host1: ata_piix
[    1.756008] ata1: PATA max UDMA/33 cmd 0x1f0 ctl 0x3f6 bmdma 0xd000 irq 14
[    1.762140] ata2: PATA max UDMA/33 cmd 0x170 ctl 0x376 bmdma 0xd008 irq 15
[    1.768049] libphy: Fixed MDIO Bus: probed
[    1.771754] tun: Universal TUN/TAP device driver, 1.6
[    1.776083] PPP generic driver version 2.4.2
[    1.780032] ehci_hcd: USB 2.0 'Enhanced' Host Controller (EHCI) Driver
[    1.785887] ehci-pci: EHCI PCI platform driver
[    1.790058] ehci-platform: EHCI generic platform driver
[    1.794802] ohci_hcd: USB 1.1 'Open' Host Controller (OHCI) Driver
[    1.800302] ohci-pci: OHCI PCI platform driver
[    1.804194] ohci-platform: OHCI generic platform driver
[    1.808453] uhci_hcd: USB Universal Host Controller Interface driver
[    1.814159] i8042: PNP: PS/2 Controller [PNP0303:PS2K,PNP0f03:PS2M] at 0x60,0x64 irq 1,12
[    1.823973] serio: i8042 KBD port at 0x60,0x64 irq 1
[    1.828825] serio: i8042 AUX port at 0x60,0x64 irq 12
[    1.833458] mousedev: PS/2 mouse device common for all mice
[    1.839705] input: AT Translated Set 2 keyboard as /devices/platform/i8042/serio0/input/input2
[    1.849336] rtc_cmos rtc_cmos: rtc core: registered rtc_cmos as rtc0
[    1.854912] rtc_cmos rtc_cmos: alarms up to one day, 114 bytes nvram
[    1.859678] i2c /dev entries driver
[    1.862435] device-mapper: uevent: version 1.0.3
[    1.867471] device-mapper: ioctl: 4.37.0-ioctl (2017-09-20) initialised: dm-devel@redhat.com
[    1.874248] ledtrig-cpu: registered to indicate activity on CPUs
[    1.881997] NET: Registered protocol family 10
[    1.893907] Segment Routing with IPv6
[    1.897432] NET: Registered protocol family 17
[    1.901576] Key type dns_resolver registered
[    1.906434] mce: Using 0 MCE banks
[    1.909376] RAS: Correctable Errors collector initialized.
[    1.913596] sched_clock: Marking stable (1913556249, 0)->(2667436937, -753880688)
[    1.924686] registered taskstats version 1
[    1.928183] Loading compiled-in X.509 certificates
[    1.988792] Loaded X.509 cert 'Build time autogenerated kernel key: 1e5516648b223d94d04ce7d99e6048c9b3ebcb77'
[    1.997150] Loaded X.509 cert 'Canonical Ltd. Live Patch Signing: 14df34d1a87cf37625abec039ef2bf521249b969'
[    2.004917] Loaded X.509 cert 'Canonical Ltd. Kernel Module Signing: 88f752e560a1e0737e31163a466ad7b70a850c19'
[    2.012537] zswap: loaded using pool lzo/zbud
[    2.025577] Key type big_key registered
[    2.029045] Key type trusted registered
[    2.037529] Key type encrypted registered
[    2.040839] AppArmor: AppArmor sha1 policy hashing enabled
[    2.045188] ima: No TPM chip found, activating TPM-bypass! (rc=-19)
[    2.050505] ima: Allocated hash algorithm: sha1
[    2.054181] evm: HMAC attrs: 0x1
[    2.058003]   Magic number: 1:466:707
[    2.062166] rtc_cmos rtc_cmos: setting system clock to 2021-08-25 23:39:33 UTC (1629934773)
[    2.069017] BIOS EDD facility v0.16 2004-Jun-25, 0 devices found
[    2.073735] EDD information not available.
[    2.080096] Freeing unused kernel image memory: 2448K
[    2.108517] Write protecting the kernel read-only data: 20480k
[    2.115585] Freeing unused kernel image memory: 2008K
[    2.120747] Freeing unused kernel image memory: 1828K
[    2.132689] x86/mm: Checked W+X mappings: passed, no W+X pages found.
[    2.138015] x86/mm: Checking user space page tables
[    2.147006] x86/mm: Checked W+X mappings: passed, no W+X pages found.
Loading, please wait...
starting version 237
[    2.231542] e1000: Intel(R) PRO/1000 Network Driver - version 7.3.21-k8-NAPI
[    2.237540] e1000: Copyright (c) 1999-2006 Intel Corporation.
[    2.252668] Fusion MPT base driver 3.04.20
[    2.257736] Copyright (c) 1999-2008 LSI Corporation
[    2.286369] Fusion MPT SPI Host driver 3.04.20
[    2.523515] input: ImExPS/2 Generic Explorer Mouse as /devices/platform/i8042/serio1/input/input4
[    2.904691] e1000 0000:00:03.0 eth0: (PCI:33MHz:32-bit) 02:08:1c:2f:d1:e8
[    2.910167] e1000 0000:00:03.0 eth0: Intel(R) PRO/1000 Network Connection
[    2.917374] mptbase: ioc0: Initiating bringup
[    3.018309] ioc0: LSI53C1030 A0: Capabilities={Initiator}
[    3.273940] scsi host2: ioc0: LSI53C1030 A0, FwRev=00000000h, Ports=1, MaxQ=256, IRQ=20
[    3.451539] scsi 2:0:0:0: Direct-Access     VBOX     HARDDISK         1.0  PQ: 0 ANSI: 5
[    4.638649] scsi target2:0:0: Beginning Domain Validation
[    4.649748] scsi target2:0:0: Domain Validation skipping write tests
[    4.654475] scsi target2:0:0: Ending Domain Validation
[    4.658433] scsi target2:0:0: asynchronous
[    4.662915] random: fast init done
[    4.665610] scsi 2:0:1:0: Direct-Access     VBOX     HARDDISK         1.0  PQ: 0 ANSI: 5
[    4.909404] random: systemd-udevd: uninitialized urandom read (16 bytes read)
[    4.915222] random: systemd-udevd: uninitialized urandom read (16 bytes read)
[    4.920303] random: systemd-udevd: uninitialized urandom read (16 bytes read)
[    4.925724] e1000 0000:00:08.0 eth1: (PCI:33MHz:32-bit) 08:00:27:d7:6e:21
[    4.930639] e1000 0000:00:08.0 eth1: Intel(R) PRO/1000 Network Connection
[    4.938635] e1000 0000:00:03.0 enp0s3: renamed from eth0
[    5.460137] scsi target2:0:1: Beginning Domain Validation
[    5.470186] scsi target2:0:1: Domain Validation skipping write tests
[    5.474709] scsi target2:0:1: Ending Domain Validation
[    5.478642] scsi target2:0:1: asynchronous
[    5.493537] sd 2:0:0:0: Attached scsi generic sg0 type 0
[    5.498361] sd 2:0:0:0: [sda] 83886080 512-byte logical blocks: (42.9 GB/40.0 GiB)
[    5.503819] sd 2:0:1:0: [sdb] 20480 512-byte logical blocks: (10.5 MB/10.0 MiB)
[    5.511909] sd 2:0:0:0: [sda] Write Protect is off
[    5.513681] sd 2:0:1:0: [sdb] Write Protect is off
[    5.516690] sd 2:0:1:0: Attached scsi generic sg1 type 0
[    5.525311] sd 2:0:0:0: [sda] Incomplete mode parameter data
[    5.530625] sd 2:0:0:0: [sda] Assuming drive cache: write through
[    5.532694] sd 2:0:1:0: [sdb] Incomplete mode parameter data
[    5.542677] sd 2:0:1:0: [sdb] Assuming drive cache: write through
[    5.554114]  sda: sda1
[    5.561282] e1000 0000:00:08.0 enp0s8: renamed from eth1
[    5.573055] sd 2:0:0:0: [sda] Attached SCSI disk
[    5.575543] sd 2:0:1:0: [sdb] Attached SCSI disk
Begin: Loading essential drivers ... [  316.878240] INFO: rcu_sched detected stalls on CPUs/tasks:
[  316.878312] raid6: sse2x1   gen() 82807641 MB/s
[  316.883713] 	1-...!: (1 ticks this GP) idle=7b2/140000000000000/0 softirq=1242/1246 fqs=1 
[  316.894372] 	(detected by 0, t=77264 jiffies, g=-86, c=-87, q=129)
[  316.899516] Sending NMI from CPU 0 to CPUs 1:
[  326.845128] rcu_sched kthread starved for 77262 jiffies! g18446744073709551530 c18446744073709551529 f0x0 RCU_GP_WAIT_FQS(3) ->state=0x402 ->cpu=0
[  326.855233] rcu_sched       I    0     8      2 0x80000000
[  326.860093] Call Trace:
[  326.862281]  __schedule+0x24e/0x890
[  326.864992]  schedule+0x2c/0x80
[  326.869100]  schedule_timeout+0x15d/0x370
[  326.872689]  ? __next_timer_interrupt+0xe0/0xe0
[  326.876315]  rcu_gp_kthread+0x53a/0x980
[  326.879749]  kthread+0x121/0x140
[  326.882490]  ? rcu_note_context_switch+0x150/0x150
[  326.886147]  ? kthread_create_worker_on_cpu+0x70/0x70
[  326.890405]  ret_from_fork+0x35/0x40
[  327.259015] raid6: sse2x1   xor() 71224 MB/s
[  327.316726] raid6: sse2x2   gen() 12549 MB/s
[  327.370455] raid6: sse2x2   xor()  8099 MB/s
[  328.260012] raid6: sse2x4   gen() 342973 MB/s
[  328.326279] raid6: sse2x4   xor() 11757 MB/s
[  328.330395] raid6: using algorithm sse2x1 gen() 82807641 MB/s
[  328.335033] raid6: .... xor() 71224 MB/s, rmw enabled
[  328.341860] raid6: using ssse3x2 recovery algorithm
[  328.348278] xor: measuring software checksum speed
[  328.392142]    prefetch64-sse: 27795.000 MB/sec
[  328.432103]    generic_sse: 20154.000 MB/sec
[  328.435772] xor: using function: prefetch64-sse (27795.000 MB/sec)
[  328.442426] async_tx: api initialized (async)
done.
Begin: Running /scripts/init-premount ... done.
Begin: Mounting root file system ... Begin: Running /scripts/local-top ... done.
Begin: Running /scripts/local-premount ... [  328.502125] Btrfs loaded, crc32c=crc32c-intel
Scanning for Btrfs filesystems
done.
Warning: fsck not present, so skipping root file system
[  328.565185] EXT4-fs (sda1): mounted filesystem with ordered data mode. Opts: (null)
done.
Begin: Running /scripts/local-bottom ... done.
Begin: Running /scripts/init-bottom ... done.
[  328.851806] ip_tables: (C) 2000-2006 Netfilter Core Team
[  328.877124] systemd[1]: systemd 237 running in system mode. (+PAM +AUDIT +SELINUX +IMA +APPARMOR +SMACK +SYSVINIT +UTMP +LIBCRYPTSETUP +GCRYPT +GNUTLS +ACL +XZ +LZ4 +SECCOMP +BLKID +ELFUTILS +KMOD -IDN2 +IDN -PCRE2 default-hierarchy=hybrid)
[  328.893932] systemd[1]: Detected virtualization oracle.
[  328.899474] systemd[1]: Detected architecture x86-64.

Welcome to [1mUbuntu 18.04.5 LTS[0m!

[  328.933541] systemd[1]: Set hostname to <ubuntu>.
[  328.953262] systemd[1]: Initializing machine ID from random generator.
[  328.958776] systemd[1]: Installed transient /etc/machine-id file.
[  329.480934] systemd[1]: Reached target User and Group Name Lookups.
[[0;32m  OK  [0m] Reached target User and Group Name Lookups.
[  329.503337] systemd[1]: Created slice System Slice.
[[0;32m  OK  [0m] Created slice System Slice.
[  329.511455] systemd[1]: Listening on /dev/initctl Compatibility Named Pipe.
[[0;32m  OK  [0m] Listening on /dev/initctl Compatibility Named Pipe.
[  329.525482] systemd[1]: Listening on udev Kernel Socket.
[[0;32m  OK  [0m] Listening on udev Kernel Socket.
[[0;32m  OK  [0m] Listening on LVM2 metadata daemon socket.
[[0;32m  OK  [0m] Listening on Journal Audit Socket.
[[0;32m  OK  [0m] Listening on udev Control Socket.
[[0;32m  OK  [0m] Listening on Journal Socket.
         Starting Load Kernel Modules...
         Mounting Huge Pages File System...
         Starting Create list of required st…ce nodes for the current kernel...
[[0;32m  OK  [0m] Listening on Device-mapper event daemon FIFOs.
[[0;32m  OK  [0m[  329.576846] Loading iSCSI transport class v2.0-870.
] Listening on Network Service Netlink Socket.
[[0;32m  OK  [0m] Reached target System Time Synchronized.
[[0;32m  OK  [0m] Listening on fsck to fsckd communication Socket.
         Starting File System Check on Root Device...
[  329.605692] iscsi: registered transport (tcp)
         Mounting Kernel Debug File System...
[[0;32m  OK  [0m] Listening on Syslog Socket.
[[0;32m  OK  [0m] Reached target Swap.
[[0;32m  OK  [0m] Created slice User and Session Slice.
[[0;32m  OK  [0m] Set up automount Arbitrary Executab…rmats File System Automount Point.
[  329.646585] iscsi: registered transport (iser)
         Starting Monitoring of LVM2 mirrors…ng dmeventd or progress polling...
         Starting Set the console keyboard layout...
         Starting udev Coldplug all Devices...
[[0;32m  OK  [0m] Started Forward Password Requests to Wall Directory Watch.
         Mounting POSIX Message Queue File System...
[[0;32m  OK  [0m] Listening on LVM2 poll daemon socket.
[[0;32m  OK  [0m] Reached target Slices.
[[0;32m  OK  [0m] Created slice system-serial\x2dgetty.slice.
         Starting Uncomplicated firewall...
[[0;32m  OK  [0m] Listening on Journal Socket (/dev/log).
         Starting Journal Service...
[[0;32m  OK  [0m] Started Load Kernel Modules.
[[0;32m  OK  [0m] Mounted Huge Pages File System.
[[0;32m  OK  [0m] Started Create list of required sta…vice nodes for the current kernel.
[[0;32m  OK  [0m] Mounted Kernel Debug File System.
[[0;32m  OK  [0m] Mounted POSIX Message Queue File System.
[[0;32m  OK  [0m] Started File System Check Daemon to report status.
         Starting Create Static Device Nodes in /dev...
         Mounting Kernel Configuration File System...
         Mounting FUSE Control File System...
         Starting Apply Kernel Variables...
[[0;32m  OK  [0m] Mounted Kernel Configuration File System.
[[0;32m  OK  [0m] Mounted FUSE Control File System.
[[0;32m  OK  [0m] Started Uncomplicated firewall.
[[0;32m  OK  [0m] Started File System Check on Root Device.
[[0;32m  OK  [0m] Started Journal Service.
         Starting Remount Root and Kernel File Systems...
[[0;32m  OK  [0m] Started udev Coldplug all Devices.
[[0;32m  OK  [0m] Started LVM2 metadata daemon.
[[0;32m  OK  [0m] Started Create Static Device Nodes in /dev.
[[0;32m  OK  [0m] Started Apply Kernel Variables.
[[0;32m  OK  [0m] Started Remount Root and Kernel File Systems.
         Starting Flush Journal to Persistent Storage...
         Starting udev Kernel Device Manager...
         Starting Load/Save Random Seed...
[[0;32m  OK  [0m] Started Monitoring of LVM2 mirrors,…sing dmeventd or progress polling.
[[0;32m  OK  [0m] Started Load/Save Random Seed.
[[0;32m  OK  [0m] Started Set the console keyboard layout.
[[0;32m  OK  [0m] Started udev Kernel Device Manager.
[[0;32m  OK  [0m] Reached target Local File Systems (Pre).
[[0;32m  OK  [0m] Reached target Local File Systems.
         Starting Commit a transient machine-id on disk...
         Starting ebtables ruleset management...
         Starting Tell Plymouth To Write Out Runtime Data...
         Starting AppArmor initialization...
         Starting Set console font and keymap...
[[0;32m  OK  [0m] Started Dispatch Password Requests to Console Directory Watch.
[[0;32m  OK  [0m] Reached target Local Encrypted Volumes.
[[0;32m  OK  [0m] Started Flush Journal to Persistent Storage.
         Starting Create Volatile Files and Directories...
[[0;32m  OK  [0m] Started Tell Plymouth To Write Out Runtime Data.
[[0;32m  OK  [0m] Started Set console font and keymap.
[[0;32m  OK  [0m] Started Commit a transient machine-id on disk.
[[0;32m  OK  [0m] Started Create Volatile Files and Directories.
         Starting Update UTMP about System Boot/Shutdown...
[[0;32m  OK  [0m] Started Update UTMP about System Boot/Shutdown.
[[0;32m  OK  [0m] Started ebtables ruleset management.
[[0;32m  OK  [0m] Found device /dev/ttyS0.
[[0;32m  OK  [0m] Listening on Load/Save RF Kill Switch Status /dev/rfkill Watch.
[[0;32m  OK  [0m] Started AppArmor initialization.
         Starting Load AppArmor profiles managed internally by snapd...
         Starting Initial cloud-init job (pre-networking)...
[[0;32m  OK  [0m] Started Load AppArmor profiles managed internally by snapd.
[  332.917319] cloud-init[544]: Cloud-init v. 21.1-19-gbad84ad4-0ubuntu1~18.04.2 running 'init-local' at Wed, 25 Aug 2021 23:45:03 +0000. Up 332.45 seconds.
[[0;32m  OK  [0m] Started Initial cloud-init job (pre-networking).
[[0;32m  OK  [0m] Reached target Network (Pre).
         Starting Network Service...
[[0;32m  OK  [0m] Started Network Service.
         Starting Wait for Network to be Configured...
         Starting Network Name Resolution...
[[0;32m  OK  [0m] Started Network Name Resolution.
[[0;32m  OK  [0m] Reached target Network.
[[0;32m  OK  [0m] Reached target Host and Network Name Lookups.
[[0;32m  OK  [0m] Started Wait for Network to be Configured.
         Starting Initial cloud-init job (metadata service crawler)...
[  335.250476] cloud-init[654]: Cloud-init v. 21.1-19-gbad84ad4-0ubuntu1~18.04.2 running 'init' at Wed, 25 Aug 2021 23:45:06 +0000. Up 335.12 seconds.
[  335.255618] cloud-init[654]: ci-info: ++++++++++++++++++++++++++++++++++++++Net device info++++++++++++++++++++++++++++++++++++++
[  335.258828] cloud-init[654]: ci-info: +--------+-------+---------------------------+---------------+--------+-------------------+
[  335.262216] cloud-init[654]: ci-info: | Device |   Up  |          Address          |      Mask     | Scope  |     Hw-Address    |
[  335.265820] cloud-init[654]: ci-info: +--------+-------+---------------------------+---------------+--------+-------------------+
[  335.269604] cloud-init[654]: ci-info: | enp0s3 |  True |         10.0.2.15         | 255.255.255.0 | global | 02:08:1c:2f:d1:e8 |
[  335.272888] cloud-init[654]: ci-info: | enp0s3 |  True | fe80::8:1cff:fe2f:d1e8/64 |       .       |  link  | 02:08:1c:2f:d1:e8 |
[  335.276273] cloud-init[654]: ci-info: | enp0s8 | False |             .             |       .       |   .    | 08:00:27:d7:6e:21 |
[  335.280930] cloud-init[654]: ci-info: |   lo   |  True |         127.0.0.1         |   255.0.0.0   |  host  |         .         |
[  335.284434] cloud-init[654]: ci-info: |   lo   |  True |          ::1/128          |       .       |  host  |         .         |
[  335.287881] cloud-init[654]: ci-info: +--------+-------+---------------------------+---------------+--------+-------------------+
[  335.291180] cloud-init[654]: ci-info: ++++++++++++++++++++++++++++Route IPv4 info+++++++++++++++++++++++++++++
[  335.294046] cloud-init[654]: ci-info: +-------+-------------+----------+-----------------+-----------+-------+
[  335.296842] cloud-init[654]: ci-info: | Route | Destination | Gateway  |     Genmask     | Interface | Flags |
[  335.299583] cloud-init[654]: ci-info: +-------+-------------+----------+-----------------+-----------+-------+
[  335.303153] cloud-init[654]: ci-info: |   0   |   0.0.0.0   | 10.0.2.2 |     0.0.0.0     |   enp0s3  |   UG  |
[  335.305899] cloud-init[654]: ci-info: |   1   |   10.0.2.0  | 0.0.0.0  |  255.255.255.0  |   enp0s3  |   U   |
[  335.308728] cloud-init[654]: ci-info: |   2   |   10.0.2.2  | 0.0.0.0  | 255.255.255.255 |   enp0s3  |   UH  |
[  335.311414] cloud-init[654]: ci-info: +-------+-------------+----------+-----------------+-----------+-------+
[  335.314239] cloud-init[654]: ci-info: +++++++++++++++++++Route IPv6 info+++++++++++++++++++
[  335.316480] cloud-init[654]: ci-info: +-------+-------------+---------+-----------+-------+
[  335.318900] cloud-init[654]: ci-info: | Route | Destination | Gateway | Interface | Flags |
[  335.321198] cloud-init[654]: ci-info: +-------+-------------+---------+-----------+-------+
[  335.323493] cloud-init[654]: ci-info: |   1   |  fe80::/64  |    ::   |   enp0s3  |   U   |
[  335.325803] cloud-init[654]: ci-info: |   3   |    local    |    ::   |   enp0s3  |   U   |
[  335.328139] cloud-init[654]: ci-info: |   4   |   ff00::/8  |    ::   |   enp0s3  |   U   |
[  335.330489] cloud-init[654]: ci-info: +-------+-------------+---------+-----------+-------+
[  336.431516] cloud-init[654]: Generating public/private rsa key pair.
[  336.434356] cloud-init[654]: Your identification has been saved in /etc/ssh/ssh_host_rsa_key.
[  336.439622] cloud-init[654]: Your public key has been saved in /etc/ssh/ssh_host_rsa_key.pub.
[  336.445552] cloud-init[654]: The key fingerprint is:
[  336.450889] cloud-init[654]: SHA256:Qu1ycIr44ws5pBGvrLqw2fG6H7dFeqx84QlyFzTjeLI root@ubuntu-bionic
[  336.457451] cloud-init[654]: The key's randomart image is:
[  336.462956] cloud-init[654]: +---[RSA 2048]----+
[  336.467948] cloud-init[654]: |                 |
[  336.472679] cloud-init[654]: |       .+        |
[  336.476596] cloud-init[654]: |.     o+oo       |
[  336.480347] cloud-init[654]: | o . oo=+        |
[  336.483860] cloud-init[654]: |. + . ++S.       |
[  336.487705] cloud-init[654]: [[0;32m  OK  [0m] Started Initial cloud-init job (metadata service crawler).
[[0;32m  OK  [0m] Reached target Cloud-config availability.
[[0;32m  OK  [0m] Reached target Network is Online.
|.= o. EBo        |
         Starting Availability of block devices...
[[0;32m  OK  [0m] Reached target Remote File Systems (Pre).
[[0;32m  OK  [0m] Reached target Remote File Systems.
[[0;32m  OK  [0m] Reached target System Initialization.
         Starting LXD - unix socket.
[[0;32m  OK  [0m] Started Daily Cleanup of Temporary Directories.
[[0;32m  OK  [0m] Started Ubuntu Advantage update messaging.
[[0;32m  OK  [0m] Listening on UUID daemon activation socket.
[[0;32m  OK  [0m] Listening on ACPID Listen Socket.
[[0;32m  OK  [0m] Started Message of the Day.
[[0;32m  OK  [0m] Started Discard unused blocks once a week.
[[0;32m  OK  [0m] Listening on D-Bus System Message Bus Socket.
[  336.505995] cloud-init[654]: |+.= +oo++o       |
[[0;32m  OK  [0m] Started ACPI Events Check.
[[0;32m  OK  [0m] Listening on Open-iSCSI iscsid Socket.
[  336.526433]          Starting Socket activation for snappy daemon.
[[0;32m  OK  [0m] Reached target Paths.
[[0;32m  OK  [0m] Started Daily apt download activities.
[[0;32m  OK  [0m] Started Daily apt upgrade and clean activities.
[[0;32m  OK  [0m] Reached target Timers.
[[0;32m  OK  [0m] Started Availability of block devices.
[[0;32m  OK  [0m] Listening on LXD - unix socket.
cloud-init[654]: |o+ * = =+        |
[  336.536423] cloud-init[654]: |B.++=.+.         |
[  336.537843] cloud-init[654]: +----[SHA256]-----+
[  336.539408] cloud-init[654]: Generating public/private dsa key pair.
[  336.541411] cloud-init[654]: Your identification has been saved in /etc/ssh/ssh_host_dsa_key.
[  336.543823] cloud-init[654]: Your public key has been saved in /etc/ssh/ssh_host_dsa_key.pub.
[  336.546346] cloud-init[654]: The key fingerprint is:
[  336.547804] cloud-init[654]: SHA256:1HXJ0WcquenwvdPn3P8H+sr9rfcint1ZVLSSSuXJ79I root@ubuntu-bionic
[  336.550429] cloud-init[654]: The key's randomart image is:
[  336.552255] cloud-init[654]: +---[DSA 1024]----+
[  336.553905] cloud-init[654]: |            .oo+.|
[  336.555404] cloud-init[654]: |         . .+.=.=|
[  336.556930] cloud-init[654]: |        . .. B +o|
[  336.558319] cloud-init[654]: |       .  . + + .|
[  336.559953] cloud-init[654]: |        S  . + ..|
[  336.561596] cloud-init[654]: |          . o +. |
[  336.563006] cloud-init[654]: |           + + E.|
[  336.564531] cloud-init[654]: |           .=+=oX|
[  336.566059] cloud-init[654]: |           .=+*X^|
[  336.567533] cloud-init[654]: +----[SHA256]-----+
[[0;32m  OK  [0m] Listening on Socket activation for snappy daemon.
[[0;32m  OK  [0m] Reached target Sockets.
[[0;32m  OK  [0m] Reached target Basic System.
[  336.577747] cloud-init         Starting LXD - container startup/shutdown...
         Starting Dispatcher daemon for systemd-networkd...
[654]: Generating public/private ecdsa key pair.[[0;32m  OK  [0m] Started irqbalance daemon.
[[0;32m  OK  [0m] Started D-Bus System Message Bus.

[  336.596307] cloud-init[654]: Your identification has been saved in /etc/ssh/ssh_host_ecdsa_key.
[  336.605271] cloud-init[654]: Your public key has been saved in /etc/ssh/ssh_host_ecdsa_key.pub.
[  336.613199] cloud-init[654]: The key fingerprint is:
[  336.619443] cloud-init[654]: SHA256:pGvvBKa1+e4BeSFKabmUQaFbTRhNjimiCptSefxlipg root@ubuntu-bionic
[  336.625667] cloud-init[654]: The key's randomart image is:
[  336.631474] cloud-init[654]: +---[ECDSA 256]---+
[  336.635261] cloud-init[654]: |   .=*o          |
[  336.640409] cloud-init[654]: |   ..@.          |
[  336.644483] cloud-init[654]: |. o @ + o        |
[  336.648506] cloud-init[654]: |.. X o = .       |
[  336.652923] cloud-init[654]: |o + = B S        |
[  336.656678] cloud-init[654]: |o+ + * @         |
[  336.660682] cloud-init[654]: |= E o B o        |
[  336.664649] cloud-init[654]: |.    . + .       |
[  336.668721] cloud-init[654]: |       +*        |
[  336.673223] cloud-init[654]: +----[SHA256]-----+
[  336.677603] cloud-init[654]: Generating public/private ed25519 key pair.
[  336.682647] cloud-init[654]: Your identification has been saved in /etc/ssh/ssh_host_ed25519_key.
[  336.687747] cloud-init[654]: Your public key has been saved in /etc/ssh/ssh_host_ed25519_key.pub.
[  336.692878] cloud-init[654]: The key fingerprint is:
[  336.697328] cloud-init[654]: SHA256:tKfk/EMApEVDd7quakFjKWR0AU2j469AXveOwTmj10s root@ubuntu-bionic
[  336.703336] cloud-init[654]: The key's randomart image is:
[  336.708946] cloud-init[654]: +--[ED25519 256]--+
[  336.714415] cloud-init[654]: | .o+==* . .      |
[  336.721704] cloud-init[654]: |  oo.+.o o       |
[  336.726955] cloud-init[654]: | oo .. .o        |
[  336.730972] cloud-init[654]: | ...=  ..o       |
[  336.735455] cloud-init[654]: | ..= o  S..      |
[  336.739332] cloud-init[654]: |o ..+ o= o.      |
[  336.743727] cloud-init[654]: |..  .B.E=.       |
[  336.747541] cloud-init[654]: | . .o.Bo ..      |
[  336.753210] cloud-init[654]: |  .ooo.o. ..     |
         Starting Permit User Sessions...
         Starting LSB: automatic crash report generation...
         Starting LSB: Record successful boot for GRUB...
         Starting Virtualbox guest utils...
[  336.766967] cloud-init[654]: +----[SHA256]-----+
         Starting Pollinate to seed the pseudo random number generator...
         Starting System Logging Service...
         Starting Snap Daemon...
[[0;32m  OK  [0m] Started Regular background program processing daemon.
[[0;32m  OK  [0m] Started FUSE filesystem for LXC.
         Starting Login Service...
         Starting Accounts Service...
[[0;32m  OK  [0m] Started Deferred execution scheduler.
[[0;32m  OK  [0m] Started Permit User Sessions.
         Starting Hold until boot process finishes up...
         Starting Terminate Plymouth Boot Screen...
[[0;32m  OK  [0m] Started Hold until boot process finishes up.
         Starting Set console scheme...
[[0;32m  OK  [0m] Started Serial Getty on ttyS0.
[[0;32m  OK  [0m] Started Terminate Plymouth Boot Screen.
[[0;32m  OK  [0m] Started Login Service.
[[0;32m  OK  [0m] Started Unattended Upgrades Shutdown.
[[0;32m  OK  [0m] Started Set console scheme.
[[0;32m  OK  [0m] Created slice system-getty.slice.
[[0;32m  OK  [0m] Started Getty on tty1.
[[0;32m  OK  [0m] Reached target Login Prompts.
[[0;32m  OK  [0m] Started LXD - container startup/shutdown.
[[0;32m  OK  [0m] Started LSB: automatic crash report generation.
[[0;32m  OK  [0m] Started LSB: Record successful boot for GRUB.
         Starting Authorization Manager...
[[0;32m  OK  [0m] Started Dispatcher daemon for systemd-networkd.
[[0;32m  OK  [0m] Started System Logging Service.
[[0;32m  OK  [0m] Started Authorization Manager.
[[0;32m  OK  [0m] Started Accounts Service.
[[0;32m  OK  [0m] Started Virtualbox guest utils.
[[0;32m  OK  [0m] Started Snap Daemon.
         Starting Wait until snapd is fully seeded...
[[0;32m  OK  [0m] Started Pollinate to seed the pseudo random number generator.
         Starting OpenBSD Secure Shell server...
[[0;32m  OK  [0m] Started OpenBSD Secure Shell server.
[[0;32m  OK  [0m] Started Wait until snapd is fully seeded.
         Starting Apply the settings specified in cloud-config...
[[0;32m  OK  [0m] Reached target Multi-User System.
[[0;32m  OK  [0m] Reached target Graphical Interface.
         Starting Update UTMP about System Runlevel Changes...
[[0;32m  OK  [0m] Started Update UTMP about System Runlevel Changes.
[  341.988559] cloud-init[1125]: Cloud-init v. 21.1-19-gbad84ad4-0ubuntu1~18.04.2 running 'modules:config' at Wed, 25 Aug 2021 23:45:12 +0000. Up 341.27 seconds.
ci-info: no authorized SSH keys fingerprints found for user ubuntu.
<14>Aug 25 23:45:13 ec2: 
<14>Aug 25 23:45:13 ec2: #############################################################
<14>Aug 25 23:45:13 ec2: -----BEGIN SSH HOST KEY FINGERPRINTS-----
<14>Aug 25 23:45:13 ec2: 1024 SHA256:1HXJ0WcquenwvdPn3P8H+sr9rfcint1ZVLSSSuXJ79I root@ubuntu-bionic (DSA)
<14>Aug 25 23:45:13 ec2: 256 SHA256:pGvvBKa1+e4BeSFKabmUQaFbTRhNjimiCptSefxlipg root@ubuntu-bionic (ECDSA)
<14>Aug 25 23:45:13 ec2: 256 SHA256:tKfk/EMApEVDd7quakFjKWR0AU2j469AXveOwTmj10s root@ubuntu-bionic (ED25519)
<14>Aug 25 23:45:13 ec2: 2048 SHA256:Qu1ycIr44ws5pBGvrLqw2fG6H7dFeqx84QlyFzTjeLI root@ubuntu-bionic (RSA)
<14>Aug 25 23:45:13 ec2: -----END SSH HOST KEY FINGERPRINTS-----
<14>Aug 25 23:45:13 ec2: #############################################################
-----BEGIN SSH HOST KEY KEYS-----
ecdsa-sha2-nistp256 AAAAE2VjZHNhLXNoYTItbmlzdHAyNTYAAAAIbmlzdHAyNTYAAABBBK/b00iFRa214Zlpcy14o3ctpfvEbEj+uxTAM7Qj5SZLiFVti3gJwtRs+bmXOiJgUKdMRPn1kxxbOoELDjrr69w= root@ubuntu-bionic
ssh-ed25519 AAAAC3NzaC1lZDI1NTE5AAAAIL2sEoiZ6haAlbsICsW+3+GE199vfOYKIzxqXZ+bb9MG root@ubuntu-bionic
ssh-rsa AAAAB3NzaC1yc2EAAAADAQABAAABAQC7udILIi073Z9M/NFe3B/Eb/Zwc1Yj2n9AsZDBfq1cHrNanp+bohPpUafWF2umZJu8ciXJs1kAKawl6daLaVhX4CoZlFmD/oSkf83NbTyh8ZfXWY8Eh6pphlmXHOIuxcPpUk50xHjPc/olKCp3j93dKioIoSTyREGIs7tJA6zqw/lzQ6E32rIubQgf2VmRQ/02DMuwPStKL6KYRxO4ZEAfaD3AcXazy3QuQh+BInXTxEieKLIws8LVMMF6hVQ6kKt4s5N++pqEP49Rsi2+V+wr+4OkiiD6vfOLX42HlLQi0b3rlQSt78GhGi6mE4HXaDHDfX/o3fBAyGkVD65cq7oJ root@ubuntu-bionic
-----END SSH HOST KEY KEYS-----
[  342.526075] cloud-init[1185]: Cloud-init v. 21.1-19-gbad84ad4-0ubuntu1~18.04.2 running 'modules:final' at Wed, 25 Aug 2021 23:45:13 +0000. Up 342.35 seconds.
[  342.532506] cloud-init[1185]: ci-info: no authorized SSH keys fingerprints found for user ubuntu.
[  342.537616] cloud-init[1185]: Cloud-init v. 21.1-19-gbad84ad4-0ubuntu1~18.04.2 finished at Wed, 25 Aug 2021 23:45:13 +0000. Datasource DataSourceNoCloud [seed=/dev/sdb][dsmode=net].  Up 342.51 seconds

Ubuntu 18.04.5 LTS ubuntu-bionic ttyS0

ubuntu-bionic login: 